<?xml version="1.0" encoding="UTF-8"?>
<testsuite name="CategoryTest" tests="7" skipped="0" failures="0" errors="0" timestamp="2015-08-20T05:03:38" hostname="Julianas-MBP.hsd1.or.comcast.net" time="0.027">
  <properties/>
  <testcase name="addTask_addsTaskToList" classname="CategoryTest" time="0.025"/>
  <testcase name="getTasks_initiallyReturnsEmptyArrayList" classname="CategoryTest" time="0.0"/>
  <testcase name="getId_returnsCategoryId" classname="CategoryTest" time="0.0"/>
  <testcase name="clear_removesAllCategoryInstancesFromMemory" classname="CategoryTest" time="0.0"/>
  <testcase name="all_returnsAllInstancesOfTask_true" classname="CategoryTest" time="0.0"/>
  <testcase name="find_returnsCategoryWithSameId" classname="CategoryTest" time="0.0"/>
  <testcase name="getName_returnsName_true" classname="CategoryTest" time="0.0"/>
  <system-out><![CDATA[]]></system-out>
  <system-err><![CDATA[]]></system-err>
</testsuite>
