<?xml version="1.0" encoding="UTF-8"?>
<testsuite name="TaskTest" tests="3" skipped="0" failures="0" errors="0" timestamp="2015-08-20T05:03:38" hostname="Julianas-MBP.hsd1.or.comcast.net" time="0.001">
  <properties/>
  <testcase name="isCompleted_isFalseAfterInstantiaon_false" classname="TaskTest" time="0.0"/>
  <testcase name="task_instantiatesWithDescription_true" classname="TaskTest" time="0.0"/>
  <testcase name="Task_instantiatesCorrectly_true" classname="TaskTest" time="0.0"/>
  <system-out><![CDATA[]]></system-out>
  <system-err><![CDATA[]]></system-err>
</testsuite>
